\BOOKMARK [0][]{chapter*.1}{Acknowledgement}{}% 1
\BOOKMARK [0][]{chapter*.2}{Abstract}{}% 2
\BOOKMARK [0][]{chapter*.3}{Contents}{}% 3
\BOOKMARK [0][]{chapter.1}{1 Introduction}{}% 4
\BOOKMARK [1][-]{section.1.1}{1.1 Purpose of the Thesis Work}{chapter.1}% 5
\BOOKMARK [2][-]{subsection.1.1.1}{1.1.1 Sequential development}{section.1.1}% 6
\BOOKMARK [2][-]{subsection.1.1.2}{1.1.2 Parallel development}{section.1.1}% 7
\BOOKMARK [1][-]{section.1.2}{1.2 Motivation}{chapter.1}% 8
\BOOKMARK [2][-]{subsection.1.2.1}{1.2.1 Outline}{section.1.2}% 9
\BOOKMARK [0][]{chapter.2}{2 State of The Art}{}% 10
\BOOKMARK [1][-]{section.2.1}{2.1 What is Performance?}{chapter.2}% 11
\BOOKMARK [1][-]{section.2.2}{2.2 Analytical Models}{chapter.2}% 12
\BOOKMARK [2][-]{subsection.2.2.1}{2.2.1 Learning-based Analytical Cross-Platform Performance Prediction}{section.2.2}% 13
\BOOKMARK [2][-]{subsection.2.2.2}{2.2.2 Accurate Phase-Level Cross-Platform Power and Performance Estimation}{section.2.2}% 14
\BOOKMARK [2][-]{subsection.2.2.3}{2.2.3 Composable Performance Regression for Scalable Multiprocessor Models}{section.2.2}% 15
\BOOKMARK [1][-]{section.2.3}{2.3 WCET analysis}{chapter.2}% 16
\BOOKMARK [2][-]{subsection.2.3.1}{2.3.1 Combining instruction set simulation and WCET analysis for embedded software performance estimation}{section.2.3}% 17
\BOOKMARK [1][-]{section.2.4}{2.4 Silexica}{chapter.2}% 18
\BOOKMARK [0][]{chapter.3}{3 Basics}{}% 19
\BOOKMARK [1][-]{section.3.1}{3.1 Tools for Performance Measurement}{chapter.3}% 20
\BOOKMARK [2][-]{subsection.3.1.1}{3.1.1 PERF}{section.3.1}% 21
\BOOKMARK [2][-]{subsection.3.1.2}{3.1.2 PAPI}{section.3.1}% 22
\BOOKMARK [2][-]{subsection.3.1.3}{3.1.3 Streamline Performance Analyzer}{section.3.1}% 23
\BOOKMARK [1][-]{section.3.2}{3.2 Tools for Framework Development}{chapter.3}% 24
\BOOKMARK [2][-]{subsection.3.2.1}{3.2.1 LLVM}{section.3.2}% 25
\BOOKMARK [2][-]{subsection.3.2.2}{3.2.2 Instruction Set Simulator}{section.3.2}% 26
\BOOKMARK [1][-]{section.3.3}{3.3 Basic Learning Techniques}{chapter.3}% 27
\BOOKMARK [2][-]{subsection.3.3.1}{3.3.1 Regression}{section.3.3}% 28
\BOOKMARK [0][]{chapter.4}{4 Design and Implementation Storyboards}{}% 29
\BOOKMARK [0][]{chapter.5}{5 Safety Competency}{}% 30
\BOOKMARK [0][]{chapter.6}{6 Performance Evaluation}{}% 31
\BOOKMARK [0][]{chapter.7}{7 Future Outlook}{}% 32
\BOOKMARK [0][]{chapter.8}{8 Conclusion}{}% 33
\BOOKMARK [0][]{chapter*.4}{Bibliography}{}% 34
\BOOKMARK [0][]{chapter*.5}{List of Abbreviations}{}% 35
\BOOKMARK [0][]{chapter*.6}{List of Figures}{}% 36
\BOOKMARK [0][]{chapter*.7}{List of Tables}{}% 37
\BOOKMARK [0][]{Appendix.1.A}{Appendix A AAAA}{}% 38
\BOOKMARK [0][]{Appendix.1.B}{Appendix B BBBB}{}% 39
\BOOKMARK [0][]{Appendix.1.C}{Appendix C Performance Evaluation}{}% 40
