This is pdfTeX, Version 3.14159265-2.6-1.40.17 (MiKTeX 2.9.6210 64-bit) (preloaded format=pdflatex 2017.2.27)  20 NOV 2018 06:38
entering extended mode
**./Template.tex
(Template.tex
LaTeX2e <2017/01/01> patch level 1
Babel <3.9r> and hyphenation patterns for 75 language(s) loaded.

("C:\Users\Rahul Mahajan\AppData\Roaming\MiKTeX\2.9\tex\latex\koma-script\scrbo
ok.cls"
Document Class: scrbook 2017/09/07 v3.24 KOMA-Script document class (book)

("C:\Users\Rahul Mahajan\AppData\Roaming\MiKTeX\2.9\tex\latex\koma-script\scrkb
ase.sty"
Package: scrkbase 2017/09/07 v3.24 KOMA-Script package (KOMA-Script-dependent b
asics and keyval usage)

("C:\Users\Rahul Mahajan\AppData\Roaming\MiKTeX\2.9\tex\latex\koma-script\scrba
se.sty"
Package: scrbase 2017/09/07 v3.24 KOMA-Script package (KOMA-Script-independent 
basics and keyval usage)
 ("C:\Program Files\MiKTeX 2.9\tex\latex\graphics\keyval.sty"
Package: keyval 2014/10/28 v1.15 key=value parser (DPC)
\KV@toks@=\toks14
)
("C:\Users\Rahul Mahajan\AppData\Roaming\MiKTeX\2.9\tex\latex\koma-script\scrlf
ile.sty"
Package: scrlfile 2017/09/07 v3.24 KOMA-Script package (loading files)
)))
("C:\Users\Rahul Mahajan\AppData\Roaming\MiKTeX\2.9\tex\latex\koma-script\tocba
sic.sty"
Package: tocbasic 2017/09/07 v3.24 KOMA-Script package (handling toc-files)
\scr@dte@tocline@numberwidth=\skip41
\scr@dte@tocline@numbox=\box26
)
Package tocbasic Info: omitting babel extension for `toc'
(tocbasic)             because of feature `nobabel' available
(tocbasic)             for `toc' on input line 135.
Package tocbasic Info: omitting babel extension for `lof'
(tocbasic)             because of feature `nobabel' available
(tocbasic)             for `lof' on input line 137.
Package tocbasic Info: omitting babel extension for `lot'
(tocbasic)             because of feature `nobabel' available
(tocbasic)             for `lot' on input line 138.
Package tocbasic Info: defining new hook before heading of `' on input line 162
3.
Package scrbook Info: You've used standard option `12pt'.
(scrbook)             This is correct!
(scrbook)             Internally I'm using `fontsize=12pt'.
(scrbook)             If you'd like to set the option with \KOMAoptions,
(scrbook)             you'd have to use `fontsize=12pt' there
(scrbook)             instead of `12pt', too.
Class scrbook Info: You've used standard option `oneside'.
(scrbook)           This is correct!
(scrbook)           Internally I'm using `twoside=false'.
(scrbook)           If you'd like to set the option with \KOMAoptions,
(scrbook)           you'd have to use `twoside=false' there
(scrbook)           instead of `oneside', too.
Class scrbook Info: File `scrsize12pt.clo' used to setup font sizes on input li
ne 2296.

("C:\Users\Rahul Mahajan\AppData\Roaming\MiKTeX\2.9\tex\latex\koma-script\scrsi
ze12pt.clo"
File: scrsize12pt.clo 2017/09/07 v3.24 KOMA-Script font size class option (12pt
)
)
("C:\Users\Rahul Mahajan\AppData\Roaming\MiKTeX\2.9\tex\latex\koma-script\typea
rea.sty"
Package: typearea 2017/09/07 v3.24 KOMA-Script package (type area)
\ta@bcor=\skip42
\ta@div=\count79
Package typearea Info: You've used standard option `a4paper'.
(typearea)             This is correct!
(typearea)             Internally I'm using `paper=a4'.
(typearea)             If you'd like to set the option with \KOMAoptions,
(typearea)             you'd have to use `paper=a4' there
(typearea)             instead of `a4paper', too.
Package typearea Info: You've used standard option `oneside'.
(typearea)             This is correct!
(typearea)             Internally I'm using `twoside=false'.
(typearea)             If you'd like to set the option with \KOMAoptions,
(typearea)             you'd have to use `twoside=false' there
(typearea)             instead of `oneside', too.


Package typearea Warning: You've used obsolete option `BCOR1cm'.
(typearea)                Usage of this option indicates an old document
(typearea)                and changes compatibility level using
(typearea)                `BCOR=1cm,version=first,
(typearea)                enabledeprecatedfontcommands' that may result
(typearea)                in further warnings.
(typearea)                If you don't want this, you should simply
(typearea)                replace option `BCOR1cm' by `BCOR=1cm'.

Package typearea Info: Switching compatibility level to `first'.
\ta@hblk=\skip43
\ta@vblk=\skip44
\ta@temp=\skip45
\footheight=\skip46
Package typearea Info: These are the values describing the layout:
(typearea)             DIV  = 12
(typearea)             BCOR = 28.45274pt
(typearea)             \paperwidth      = 597.50793pt
(typearea)              \textwidth      = 426.7914pt
(typearea)              DIV departure   = -1%
(typearea)              \evensidemargin = 27.31465pt
(typearea)              \oddsidemargin  = 27.31465pt
(typearea)             \paperheight     = 845.04694pt
(typearea)              \textheight     = 635.5pt
(typearea)              \topmargin      = -41.72441pt
(typearea)              \headheight     = 18.125pt
(typearea)              \headsep        = 21.75pt
(typearea)              \topskip        = 12.0pt
(typearea)              \footskip       = 50.75pt
(typearea)              \baselineskip   = 14.5pt
(typearea)              on input line 1686.
)
\c@part=\count80
\c@chapter=\count81
\c@section=\count82
\c@subsection=\count83
\c@subsubsection=\count84
\c@paragraph=\count85
\c@subparagraph=\count86
\scr@dte@part@maxnumwidth=\skip47
\scr@dte@chapter@maxnumwidth=\skip48
\scr@dte@section@maxnumwidth=\skip49
\scr@dte@subsection@maxnumwidth=\skip50
\scr@dte@subsubsection@maxnumwidth=\skip51
\scr@dte@paragraph@maxnumwidth=\skip52
\scr@dte@subparagraph@maxnumwidth=\skip53
LaTeX Info: Redefining \textsubscript on input line 4966.
\abovecaptionskip=\skip54
\belowcaptionskip=\skip55
\c@pti@nb@sid@b@x=\box27
\c@figure=\count87
\c@table=\count88
Class scrbook Info: Redefining `\numberline' on input line 6142.
\bibindent=\dimen102
) ("C:\Program Files\MiKTeX 2.9\tex\latex\graphics\graphicx.sty"
Package: graphicx 2014/10/28 v1.0g Enhanced LaTeX Graphics (DPC,SPQR)

("C:\Program Files\MiKTeX 2.9\tex\latex\graphics\graphics.sty"
Package: graphics 2016/10/09 v1.0u Standard LaTeX Graphics (DPC,SPQR)

("C:\Program Files\MiKTeX 2.9\tex\latex\graphics\trig.sty"
Package: trig 2016/01/03 v1.10 sin cos tan (DPC)
)
("C:\Program Files\MiKTeX 2.9\tex\latex\graphics-cfg\graphics.cfg"
File: graphics.cfg 2016/06/04 v1.11 sample graphics configuration
)
Package graphics Info: Driver file: pdftex.def on input line 99.

("C:\Program Files\MiKTeX 2.9\tex\latex\graphics-def\pdftex.def"
File: pdftex.def 2017/01/12 v0.06k Graphics/color for pdfTeX

("C:\Program Files\MiKTeX 2.9\tex\generic\oberdiek\infwarerr.sty"
Package: infwarerr 2016/05/16 v1.4 Providing info/warning/error messages (HO)
)
("C:\Program Files\MiKTeX 2.9\tex\generic\oberdiek\ltxcmds.sty"
Package: ltxcmds 2016/05/16 v1.23 LaTeX kernel commands for general use (HO)
)
\Gread@gobject=\count89
))
\Gin@req@height=\dimen103
\Gin@req@width=\dimen104
)
("C:\Program Files\MiKTeX 2.9\tex\latex\base\makeidx.sty"
Package: makeidx 2014/09/29 v1.0m Standard LaTeX package
)
("C:\Program Files\MiKTeX 2.9\tex\latex\hyperref\hyperref.sty"
Package: hyperref 2016/06/24 v6.83q Hypertext links for LaTeX

("C:\Program Files\MiKTeX 2.9\tex\generic\oberdiek\hobsub-hyperref.sty"
Package: hobsub-hyperref 2016/05/16 v1.14 Bundle oberdiek, subset hyperref (HO)


("C:\Program Files\MiKTeX 2.9\tex\generic\oberdiek\hobsub-generic.sty"
Package: hobsub-generic 2016/05/16 v1.14 Bundle oberdiek, subset generic (HO)
Package: hobsub 2016/05/16 v1.14 Construct package bundles (HO)
Package hobsub Info: Skipping package `infwarerr' (already loaded).
Package hobsub Info: Skipping package `ltxcmds' (already loaded).
Package: ifluatex 2016/05/16 v1.4 Provides the ifluatex switch (HO)
Package ifluatex Info: LuaTeX not detected.
Package: ifvtex 2016/05/16 v1.6 Detect VTeX and its facilities (HO)
Package ifvtex Info: VTeX not detected.
Package: intcalc 2016/05/16 v1.2 Expandable calculations with integers (HO)
Package: ifpdf 2016/05/14 v3.1 Provides the ifpdf switch
Package: etexcmds 2016/05/16 v1.6 Avoid name clashes with e-TeX commands (HO)
Package etexcmds Info: Could not find \expanded.
(etexcmds)             That can mean that you are not using pdfTeX 1.50 or
(etexcmds)             that some package has redefined \expanded.
(etexcmds)             In the latter case, load this package earlier.
Package: kvsetkeys 2016/05/16 v1.17 Key value parser (HO)
Package: kvdefinekeys 2016/05/16 v1.4 Define keys (HO)
Package: pdftexcmds 2016/05/21 v0.22 Utility functions of pdfTeX for LuaTeX (HO
)
Package pdftexcmds Info: LuaTeX not detected.
Package pdftexcmds Info: \pdf@primitive is available.
Package pdftexcmds Info: \pdf@ifprimitive is available.
Package pdftexcmds Info: \pdfdraftmode found.
Package: pdfescape 2016/05/16 v1.14 Implements pdfTeX's escape features (HO)
Package: bigintcalc 2016/05/16 v1.4 Expandable calculations on big integers (HO
)
Package: bitset 2016/05/16 v1.2 Handle bit-vector datatype (HO)
Package: uniquecounter 2016/05/16 v1.3 Provide unlimited unique counter (HO)
)
Package hobsub Info: Skipping package `hobsub' (already loaded).
Package: letltxmacro 2016/05/16 v1.5 Let assignment for LaTeX macros (HO)
Package: hopatch 2016/05/16 v1.3 Wrapper for package hooks (HO)
Package: xcolor-patch 2016/05/16 xcolor patch
Package: atveryend 2016/05/16 v1.9 Hooks at the very end of document (HO)
Package atveryend Info: \enddocument detected (standard20110627).
Package: atbegshi 2016/06/09 v1.18 At begin shipout hook (HO)
Package: refcount 2016/05/16 v3.5 Data extraction from label references (HO)
Package: hycolor 2016/05/16 v1.8 Color options for hyperref/bookmark (HO)
)
("C:\Program Files\MiKTeX 2.9\tex\generic\ifxetex\ifxetex.sty"
Package: ifxetex 2010/09/12 v0.6 Provides ifxetex conditional
)
("C:\Program Files\MiKTeX 2.9\tex\latex\oberdiek\auxhook.sty"
Package: auxhook 2016/05/16 v1.4 Hooks for auxiliary files (HO)
)
("C:\Program Files\MiKTeX 2.9\tex\latex\oberdiek\kvoptions.sty"
Package: kvoptions 2016/05/16 v3.12 Key value format for package options (HO)
)
\@linkdim=\dimen105
\Hy@linkcounter=\count90
\Hy@pagecounter=\count91

("C:\Program Files\MiKTeX 2.9\tex\latex\hyperref\pd1enc.def"
File: pd1enc.def 2016/06/24 v6.83q Hyperref: PDFDocEncoding definition (HO)
)
\Hy@SavedSpaceFactor=\count92

("C:\Program Files\MiKTeX 2.9\tex\latex\00miktex\hyperref.cfg"
File: hyperref.cfg 2002/06/06 v1.2 hyperref configuration of TeXLive
)
Package hyperref Info: Option `colorlinks' set `false' on input line 4362.
Package hyperref Info: Hyper figures OFF on input line 4486.
Package hyperref Info: Link nesting OFF on input line 4491.
Package hyperref Info: Hyper index ON on input line 4494.
Package hyperref Info: Plain pages OFF on input line 4501.
Package hyperref Info: Backreferencing OFF on input line 4506.
Package hyperref Info: Implicit mode ON; LaTeX internals redefined.
Package hyperref Info: Bookmarks ON on input line 4735.
\c@Hy@tempcnt=\count93

("C:\Users\Rahul Mahajan\AppData\Roaming\MiKTeX\2.9\tex\latex\url\url.sty"
\Urlmuskip=\muskip10
Package: url 2013/09/16  ver 3.4  Verb mode for urls, etc.
)
LaTeX Info: Redefining \url on input line 5088.
\XeTeXLinkMargin=\dimen106
\Fld@menulength=\count94
\Field@Width=\dimen107
\Fld@charsize=\dimen108
Package hyperref Info: Hyper figures OFF on input line 6342.
Package hyperref Info: Link nesting OFF on input line 6347.
Package hyperref Info: Hyper index ON on input line 6350.
Package hyperref Info: backreferencing OFF on input line 6357.
Package hyperref Info: Link coloring OFF on input line 6362.
Package hyperref Info: Link coloring with OCG OFF on input line 6367.
Package hyperref Info: PDF/A mode OFF on input line 6372.
LaTeX Info: Redefining \ref on input line 6412.
LaTeX Info: Redefining \pageref on input line 6416.
\Hy@abspage=\count95
\c@Item=\count96
\c@Hfootnote=\count97
)

Package hyperref Message: Driver (autodetected): hpdftex.

("C:\Program Files\MiKTeX 2.9\tex\latex\hyperref\hpdftex.def"
File: hpdftex.def 2016/06/24 v6.83q Hyperref driver for pdfTeX
\Fld@listcount=\count98
\c@bookmark@seq@number=\count99

("C:\Program Files\MiKTeX 2.9\tex\latex\oberdiek\rerunfilecheck.sty"
Package: rerunfilecheck 2016/05/16 v1.8 Rerun checks for auxiliary files (HO)
Package uniquecounter Info: New unique counter `rerunfilecheck' on input line 2
82.
)
\Hy@SectionHShift=\skip56
)
("C:\Users\Rahul Mahajan\AppData\Roaming\MiKTeX\2.9\tex\latex\tocbibind\tocbibi
nd.sty"
Package: tocbibind 2010/10/13 v1.5k extra ToC listings
Package tocbibind Info: The document has chapter divisions on input line 50.


Package tocbibind Note: Using chapter style headings, unless overridden.

)
("C:\Users\Rahul Mahajan\AppData\Roaming\MiKTeX\2.9\tex\latex\listings\listings
.sty"
\lst@mode=\count100
\lst@gtempboxa=\box28
\lst@token=\toks15
\lst@length=\count101
\lst@currlwidth=\dimen109
\lst@column=\count102
\lst@pos=\count103
\lst@lostspace=\dimen110
\lst@width=\dimen111
\lst@newlines=\count104
\lst@lineno=\count105
\lst@maxwidth=\dimen112

("C:\Users\Rahul Mahajan\AppData\Roaming\MiKTeX\2.9\tex\latex\listings\lstmisc.
sty"
File: lstmisc.sty 2015/06/04 1.6 (Carsten Heinz)
\c@lstnumber=\count106
\lst@skipnumbers=\count107
\lst@framebox=\box29
)
("C:\Users\Rahul Mahajan\AppData\Roaming\MiKTeX\2.9\tex\latex\listings\listings
.cfg"
File: listings.cfg 2015/06/04 1.6 listings configuration
))
Package: listings 2015/06/04 1.6 (Carsten Heinz)

("C:\Users\Rahul Mahajan\AppData\Roaming\MiKTeX\2.9\tex\latex\blindtext\blindte
xt.sty"
Package: blindtext 2012/01/06 V2.0 blindtext-Package
 ("C:\Program Files\MiKTeX 2.9\tex\latex\tools\xspace.sty"
Package: xspace 2014/10/28 v1.13 Space after command names (DPC,MH)
)
\c@blindtext=\count108
\c@Blindtext=\count109
\c@blind@countparstart=\count110
\blind@countxx=\count111
\blindtext@numBlindtext=\count112
\blind@countyy=\count113
\c@blindlist=\count114
\c@blindlistlevel=\count115
\c@blindlist@level=\count116
\blind@listitem=\count117
\c@blind@listcount=\count118
\c@blind@levelcount=\count119
\blind@mathformula=\count120
\blind@Mathformula=\count121
\c@blind@randomcount=\count122
\c@blind@randommax=\count123
\c@blind@pangramcount=\count124
\c@blind@pangrammax=\count125
)
("C:\Users\Rahul Mahajan\AppData\Roaming\MiKTeX\2.9\tex\latex\subfigure\subfigu
re.sty"
Package: subfigure 2002/07/30 v2.1.4 subfigure package
\subfigtopskip=\skip57
\subfigcapskip=\skip58
\subfigcaptopadj=\dimen113
\subfigbottomskip=\skip59
\subfigcapmargin=\dimen114
\subfiglabelskip=\skip60
\c@subfigure=\count126
\c@lofdepth=\count127
\c@subtable=\count128
\c@lotdepth=\count129

****************************************
* Local config file subfigure.cfg used *
****************************************

("C:\Users\Rahul Mahajan\AppData\Roaming\MiKTeX\2.9\tex\latex\subfigure\subfigu
re.cfg")
\subfig@top=\skip61
\subfig@bottom=\skip62
)
("C:\Users\Rahul Mahajan\AppData\Roaming\MiKTeX\2.9\tex\latex\acronym\acronym.s
ty"
Package: acronym 2015/03/21 v1.41 Support for acronyms (Tobias Oetiker)

("C:\Users\Rahul Mahajan\AppData\Roaming\MiKTeX\2.9\tex\latex\bigfoot\suffix.st
y"
Package: suffix 2006/07/15 1.5a Variant command support
)
("C:\Users\Rahul Mahajan\AppData\Roaming\MiKTeX\2.9\tex\latex\xstring\xstring.s
ty"
("C:\Users\Rahul Mahajan\AppData\Roaming\MiKTeX\2.9\tex\generic\xstring\xstring
.tex"
\@xs@message=\write3
\integerpart=\count130
\decimalpart=\count131
)
Package: xstring 2013/10/13  v1.7c  String manipulations (C Tellechea)
)
\AC@clearlist=\toks16
) ("C:\Program Files\MiKTeX 2.9\tex\latex\tools\tabularx.sty"
Package: tabularx 2016/02/03 v2.11 `tabularx' package (DPC)

("C:\Program Files\MiKTeX 2.9\tex\latex\tools\array.sty"
Package: array 2016/10/06 v2.4d Tabular extension package (FMi)
\col@sep=\dimen115
\extrarowheight=\dimen116
\NC@list=\toks17
\extratabsurround=\skip63
\backup@length=\skip64
)
\TX@col@width=\dimen117
\TX@old@table=\dimen118
\TX@old@col=\dimen119
\TX@target=\dimen120
\TX@delta=\dimen121
\TX@cols=\count132
\TX@ftn=\toks18
)
("C:\Program Files\MiKTeX 2.9\tex\latex\tools\afterpage.sty"
Package: afterpage 2014/10/28 v1.08 After-Page Package (DPC)
\AP@output=\toks19
\AP@partial=\box30
\AP@footins=\box31
)
("C:\Program Files\MiKTeX 2.9\tex\latex\base\textcomp.sty"
Package: textcomp 2017/01/24 v2.0c Standard LaTeX package
Package textcomp Info: Sub-encoding information:
(textcomp)               5 = only ISO-Adobe without \textcurrency
(textcomp)               4 = 5 + \texteuro
(textcomp)               3 = 4 + \textohm
(textcomp)               2 = 3 + \textestimated + \textcurrency
(textcomp)               1 = TS1 - \textcircled - \t
(textcomp)               0 = TS1 (full)
(textcomp)             Font families with sub-encoding setting implement
(textcomp)             only a restricted character set as indicated.
(textcomp)             Family '?' is the default used for unknown fonts.
(textcomp)             See the documentation for details.
Package textcomp Info: Setting ? sub-encoding to TS1/1 on input line 79.

("C:\Program Files\MiKTeX 2.9\tex\latex\base\ts1enc.def"
File: ts1enc.def 2001/06/05 v3.0e (jk/car/fm) Standard LaTeX file
)
LaTeX Info: Redefining \oldstylenums on input line 334.
Package textcomp Info: Setting cmr sub-encoding to TS1/0 on input line 349.
Package textcomp Info: Setting cmss sub-encoding to TS1/0 on input line 350.
Package textcomp Info: Setting cmtt sub-encoding to TS1/0 on input line 351.
Package textcomp Info: Setting cmvtt sub-encoding to TS1/0 on input line 352.
Package textcomp Info: Setting cmbr sub-encoding to TS1/0 on input line 353.
Package textcomp Info: Setting cmtl sub-encoding to TS1/0 on input line 354.
Package textcomp Info: Setting ccr sub-encoding to TS1/0 on input line 355.
Package textcomp Info: Setting ptm sub-encoding to TS1/4 on input line 356.
Package textcomp Info: Setting pcr sub-encoding to TS1/4 on input line 357.
Package textcomp Info: Setting phv sub-encoding to TS1/4 on input line 358.
Package textcomp Info: Setting ppl sub-encoding to TS1/3 on input line 359.
Package textcomp Info: Setting pag sub-encoding to TS1/4 on input line 360.
Package textcomp Info: Setting pbk sub-encoding to TS1/4 on input line 361.
Package textcomp Info: Setting pnc sub-encoding to TS1/4 on input line 362.
Package textcomp Info: Setting pzc sub-encoding to TS1/4 on input line 363.
Package textcomp Info: Setting bch sub-encoding to TS1/4 on input line 364.
Package textcomp Info: Setting put sub-encoding to TS1/5 on input line 365.
Package textcomp Info: Setting uag sub-encoding to TS1/5 on input line 366.
Package textcomp Info: Setting ugq sub-encoding to TS1/5 on input line 367.
Package textcomp Info: Setting ul8 sub-encoding to TS1/4 on input line 368.
Package textcomp Info: Setting ul9 sub-encoding to TS1/4 on input line 369.
Package textcomp Info: Setting augie sub-encoding to TS1/5 on input line 370.
Package textcomp Info: Setting dayrom sub-encoding to TS1/3 on input line 371.
Package textcomp Info: Setting dayroms sub-encoding to TS1/3 on input line 372.

Package textcomp Info: Setting pxr sub-encoding to TS1/0 on input line 373.
Package textcomp Info: Setting pxss sub-encoding to TS1/0 on input line 374.
Package textcomp Info: Setting pxtt sub-encoding to TS1/0 on input line 375.
Package textcomp Info: Setting txr sub-encoding to TS1/0 on input line 376.
Package textcomp Info: Setting txss sub-encoding to TS1/0 on input line 377.
Package textcomp Info: Setting txtt sub-encoding to TS1/0 on input line 378.
Package textcomp Info: Setting lmr sub-encoding to TS1/0 on input line 379.
Package textcomp Info: Setting lmdh sub-encoding to TS1/0 on input line 380.
Package textcomp Info: Setting lmss sub-encoding to TS1/0 on input line 381.
Package textcomp Info: Setting lmssq sub-encoding to TS1/0 on input line 382.
Package textcomp Info: Setting lmvtt sub-encoding to TS1/0 on input line 383.
Package textcomp Info: Setting lmtt sub-encoding to TS1/0 on input line 384.
Package textcomp Info: Setting qhv sub-encoding to TS1/0 on input line 385.
Package textcomp Info: Setting qag sub-encoding to TS1/0 on input line 386.
Package textcomp Info: Setting qbk sub-encoding to TS1/0 on input line 387.
Package textcomp Info: Setting qcr sub-encoding to TS1/0 on input line 388.
Package textcomp Info: Setting qcs sub-encoding to TS1/0 on input line 389.
Package textcomp Info: Setting qpl sub-encoding to TS1/0 on input line 390.
Package textcomp Info: Setting qtm sub-encoding to TS1/0 on input line 391.
Package textcomp Info: Setting qzc sub-encoding to TS1/0 on input line 392.
Package textcomp Info: Setting qhvc sub-encoding to TS1/0 on input line 393.
Package textcomp Info: Setting futs sub-encoding to TS1/4 on input line 394.
Package textcomp Info: Setting futx sub-encoding to TS1/4 on input line 395.
Package textcomp Info: Setting futj sub-encoding to TS1/4 on input line 396.
Package textcomp Info: Setting hlh sub-encoding to TS1/3 on input line 397.
Package textcomp Info: Setting hls sub-encoding to TS1/3 on input line 398.
Package textcomp Info: Setting hlst sub-encoding to TS1/3 on input line 399.
Package textcomp Info: Setting hlct sub-encoding to TS1/5 on input line 400.
Package textcomp Info: Setting hlx sub-encoding to TS1/5 on input line 401.
Package textcomp Info: Setting hlce sub-encoding to TS1/5 on input line 402.
Package textcomp Info: Setting hlcn sub-encoding to TS1/5 on input line 403.
Package textcomp Info: Setting hlcw sub-encoding to TS1/5 on input line 404.
Package textcomp Info: Setting hlcf sub-encoding to TS1/5 on input line 405.
Package textcomp Info: Setting pplx sub-encoding to TS1/3 on input line 406.
Package textcomp Info: Setting pplj sub-encoding to TS1/3 on input line 407.
Package textcomp Info: Setting ptmx sub-encoding to TS1/4 on input line 408.
Package textcomp Info: Setting ptmj sub-encoding to TS1/4 on input line 409.
)
("C:\Users\Rahul Mahajan\AppData\Roaming\MiKTeX\2.9\tex\latex\enumitem\enumitem
.sty"
Package: enumitem 2011/09/28 v3.5.2 Customized lists
\labelindent=\skip65
\enit@outerparindent=\dimen122
\enit@toks=\toks20
\enit@inbox=\box32
\enitdp@description=\count133
)
("C:\Users\Rahul Mahajan\AppData\Roaming\MiKTeX\2.9\tex\latex\booktabs\booktabs
.sty"
Package: booktabs 2005/04/14 v1.61803 publication quality tables
\heavyrulewidth=\dimen123
\lightrulewidth=\dimen124
\cmidrulewidth=\dimen125
\belowrulesep=\dimen126
\belowbottomsep=\dimen127
\aboverulesep=\dimen128
\abovetopsep=\dimen129
\cmidrulesep=\dimen130
\cmidrulekern=\dimen131
\defaultaddspace=\dimen132
\@cmidla=\count134
\@cmidlb=\count135
\@aboverulesep=\dimen133
\@belowrulesep=\dimen134
\@thisruleclass=\count136
\@lastruleclass=\count137
\@thisrulewidth=\dimen135
) ("C:\Program Files\MiKTeX 2.9\tex\latex\lm\lmodern.sty"
Package: lmodern 2009/10/30 v1.6 Latin Modern Fonts
LaTeX Font Info:    Overwriting symbol font `operators' in version `normal'
(Font)                  OT1/cmr/m/n --> OT1/lmr/m/n on input line 22.
LaTeX Font Info:    Overwriting symbol font `letters' in version `normal'
(Font)                  OML/cmm/m/it --> OML/lmm/m/it on input line 23.
LaTeX Font Info:    Overwriting symbol font `symbols' in version `normal'
(Font)                  OMS/cmsy/m/n --> OMS/lmsy/m/n on input line 24.
LaTeX Font Info:    Overwriting symbol font `largesymbols' in version `normal'
(Font)                  OMX/cmex/m/n --> OMX/lmex/m/n on input line 25.
LaTeX Font Info:    Overwriting symbol font `operators' in version `bold'
(Font)                  OT1/cmr/bx/n --> OT1/lmr/bx/n on input line 26.
LaTeX Font Info:    Overwriting symbol font `letters' in version `bold'
(Font)                  OML/cmm/b/it --> OML/lmm/b/it on input line 27.
LaTeX Font Info:    Overwriting symbol font `symbols' in version `bold'
(Font)                  OMS/cmsy/b/n --> OMS/lmsy/b/n on input line 28.
LaTeX Font Info:    Overwriting symbol font `largesymbols' in version `bold'
(Font)                  OMX/cmex/m/n --> OMX/lmex/m/n on input line 29.
LaTeX Font Info:    Overwriting math alphabet `\mathbf' in version `normal'
(Font)                  OT1/cmr/bx/n --> OT1/lmr/bx/n on input line 31.
LaTeX Font Info:    Overwriting math alphabet `\mathsf' in version `normal'
(Font)                  OT1/cmss/m/n --> OT1/lmss/m/n on input line 32.
LaTeX Font Info:    Overwriting math alphabet `\mathit' in version `normal'
(Font)                  OT1/cmr/m/it --> OT1/lmr/m/it on input line 33.
LaTeX Font Info:    Overwriting math alphabet `\mathtt' in version `normal'
(Font)                  OT1/cmtt/m/n --> OT1/lmtt/m/n on input line 34.
LaTeX Font Info:    Overwriting math alphabet `\mathbf' in version `bold'
(Font)                  OT1/cmr/bx/n --> OT1/lmr/bx/n on input line 35.
LaTeX Font Info:    Overwriting math alphabet `\mathsf' in version `bold'
(Font)                  OT1/cmss/bx/n --> OT1/lmss/bx/n on input line 36.
LaTeX Font Info:    Overwriting math alphabet `\mathit' in version `bold'
(Font)                  OT1/cmr/bx/it --> OT1/lmr/bx/it on input line 37.
LaTeX Font Info:    Overwriting math alphabet `\mathtt' in version `bold'
(Font)                  OT1/cmtt/m/n --> OT1/lmtt/m/n on input line 38.
)
("C:\Program Files\MiKTeX 2.9\tex\latex\amsmath\amsmath.sty"
Package: amsmath 2016/11/05 v2.16a AMS math features
\@mathmargin=\skip66

For additional information on amsmath, use the `?' option.
("C:\Program Files\MiKTeX 2.9\tex\latex\amsmath\amstext.sty"
Package: amstext 2000/06/29 v2.01 AMS text

("C:\Program Files\MiKTeX 2.9\tex\latex\amsmath\amsgen.sty"
File: amsgen.sty 1999/11/30 v2.0 generic functions
\@emptytoks=\toks21
\ex@=\dimen136
))
("C:\Program Files\MiKTeX 2.9\tex\latex\amsmath\amsbsy.sty"
Package: amsbsy 1999/11/29 v1.2d Bold Symbols
\pmbraise@=\dimen137
)
("C:\Program Files\MiKTeX 2.9\tex\latex\amsmath\amsopn.sty"
Package: amsopn 2016/03/08 v2.02 operator names
)
\inf@bad=\count138
LaTeX Info: Redefining \frac on input line 213.
\uproot@=\count139
\leftroot@=\count140
LaTeX Info: Redefining \overline on input line 375.
\classnum@=\count141
\DOTSCASE@=\count142
LaTeX Info: Redefining \ldots on input line 472.
LaTeX Info: Redefining \dots on input line 475.
LaTeX Info: Redefining \cdots on input line 596.
\Mathstrutbox@=\box33
\strutbox@=\box34
\big@size=\dimen138
LaTeX Font Info:    Redeclaring font encoding OML on input line 712.
LaTeX Font Info:    Redeclaring font encoding OMS on input line 713.
\macc@depth=\count143
\c@MaxMatrixCols=\count144
\dotsspace@=\muskip11
\c@parentequation=\count145
\dspbrk@lvl=\count146
\tag@help=\toks22
\row@=\count147
\column@=\count148
\maxfields@=\count149
\andhelp@=\toks23
\eqnshift@=\dimen139
\alignsep@=\dimen140
\tagshift@=\dimen141
\tagwidth@=\dimen142
\totwidth@=\dimen143
\lineht@=\dimen144
\@envbody=\toks24
\multlinegap=\skip67
\multlinetaggap=\skip68
\mathdisplay@stack=\toks25
LaTeX Info: Redefining \[ on input line 2817.
LaTeX Info: Redefining \] on input line 2818.
)
("C:\Program Files\MiKTeX 2.9\tex\latex\float\float.sty"
Package: float 2001/11/08 v1.3d Float enhancements (AL)
\c@float@type=\count150
\float@exts=\toks26
\float@box=\box35
\@float@everytoks=\toks27
\@floatcapt=\box36
)
("C:\Users\Rahul Mahajan\AppData\Roaming\MiKTeX\2.9\tex\latex\xcolor\xcolor.sty
"
Package: xcolor 2016/05/11 v2.12 LaTeX color extensions (UK)
 ("C:\Program Files\MiKTeX 2.9\tex\latex\graphics-cfg\color.cfg"
File: color.cfg 2016/01/02 v1.6 sample color configuration
)
Package xcolor Info: Driver file: pdftex.def on input line 225.
Package xcolor Info: Model `cmy' substituted by `cmy0' on input line 1348.
Package xcolor Info: Model `hsb' substituted by `rgb' on input line 1352.
Package xcolor Info: Model `RGB' extended on input line 1364.
Package xcolor Info: Model `HTML' substituted by `rgb' on input line 1366.
Package xcolor Info: Model `Hsb' substituted by `hsb' on input line 1367.
Package xcolor Info: Model `tHsb' substituted by `hsb' on input line 1368.
Package xcolor Info: Model `HSB' substituted by `hsb' on input line 1369.
Package xcolor Info: Model `Gray' substituted by `gray' on input line 1370.
Package xcolor Info: Model `wave' substituted by `hsb' on input line 1371.

("C:\Program Files\MiKTeX 2.9\tex\latex\graphics\dvipsnam.def"
File: dvipsnam.def 2016/06/17 v3.0m Driver-dependent file (DPC,SPQR)
))
("C:\Users\Rahul Mahajan\AppData\Roaming\MiKTeX\2.9\tex\latex\fancyvrb\fancyvrb
.sty"
Package: fancyvrb 2008/02/07

Style option: `fancyvrb' v2.7a, with DG/SPQR fixes, and firstline=lastline fix 
<2008/02/07> (tvz)
\FV@CodeLineNo=\count151
\FV@InFile=\read1
\FV@TabBox=\box37
\c@FancyVerbLine=\count152
\FV@StepNumber=\count153
\FV@OutFile=\write4
)
("C:\Users\Rahul Mahajan\AppData\Roaming\MiKTeX\2.9\tex\latex\appendix\appendix
.sty"
Package: appendix 2009/09/02 v1.2b extra appendix facilities
\c@@pps=\count154
\c@@ppsavesec=\count155
\c@@ppsaveapp=\count156
)
Package hyperref Info: Option `bookmarksnumbered' set `true' on input line 50.


Package hyperref Warning: Option `hyperindex' has already been used,
(hyperref)                setting the option has no effect on input line 50.

Package hyperref Info: Option `bookmarksopen' set `true' on input line 50.
(Template.aux)
\openout1 = `Template.aux'.

LaTeX Font Info:    Checking defaults for OML/cmm/m/it on input line 90.
LaTeX Font Info:    ... okay on input line 90.
LaTeX Font Info:    Checking defaults for T1/cmr/m/n on input line 90.
LaTeX Font Info:    ... okay on input line 90.
LaTeX Font Info:    Checking defaults for OT1/cmr/m/n on input line 90.
LaTeX Font Info:    ... okay on input line 90.
LaTeX Font Info:    Checking defaults for OMS/cmsy/m/n on input line 90.
LaTeX Font Info:    ... okay on input line 90.
LaTeX Font Info:    Checking defaults for OMX/cmex/m/n on input line 90.
LaTeX Font Info:    ... okay on input line 90.
LaTeX Font Info:    Checking defaults for U/cmr/m/n on input line 90.
LaTeX Font Info:    ... okay on input line 90.
LaTeX Font Info:    Checking defaults for PD1/pdf/m/n on input line 90.
LaTeX Font Info:    ... okay on input line 90.
LaTeX Font Info:    Checking defaults for TS1/cmr/m/n on input line 90.
LaTeX Font Info:    Try loading font information for TS1+cmr on input line 90.
 ("C:\Program Files\MiKTeX 2.9\tex\latex\base\ts1cmr.fd"
File: ts1cmr.fd 2014/09/29 v2.5h Standard LaTeX font definitions
)
LaTeX Font Info:    ... okay on input line 90.
LaTeX Font Info:    Try loading font information for OT1+lmr on input line 90.

("C:\Program Files\MiKTeX 2.9\tex\latex\lm\ot1lmr.fd"
File: ot1lmr.fd 2009/10/30 v1.6 Font defs for Latin Modern
)
("C:\Users\Rahul Mahajan\AppData\Roaming\MiKTeX\2.9\tex\context\base\supp-pdf.m
kii"
[Loading MPS to PDF converter (version 2006.09.02).]
\scratchcounter=\count157
\scratchdimen=\dimen145
\scratchbox=\box38
\nofMPsegments=\count158
\nofMParguments=\count159
\everyMPshowfont=\toks28
\MPscratchCnt=\count160
\MPscratchDim=\dimen146
\MPnumerator=\count161
\makeMPintoPDFobject=\count162
\everyMPtoPDFconversion=\toks29
) ("C:\Program Files\MiKTeX 2.9\tex\latex\oberdiek\epstopdf-base.sty"
Package: epstopdf-base 2016/05/15 v2.6 Base part for package epstopdf

("C:\Program Files\MiKTeX 2.9\tex\latex\oberdiek\grfext.sty"
Package: grfext 2016/05/16 v1.2 Manage graphics extensions (HO)
)
Package epstopdf-base Info: Redefining graphics rule for `.eps' on input line 4
38.
Package grfext Info: Graphics extension search list:
(grfext)             [.png,.pdf,.jpg,.mps,.jpeg,.jbig2,.jb2,.PNG,.PDF,.JPG,.JPE
G,.JBIG2,.JB2,.eps]
(grfext)             \AppendGraphicsExtensions on input line 456.
)
\AtBeginShipoutBox=\box39
Package hyperref Info: Link coloring OFF on input line 90.

("C:\Program Files\MiKTeX 2.9\tex\latex\hyperref\nameref.sty"
Package: nameref 2016/05/21 v2.44 Cross-referencing by name of section

("C:\Program Files\MiKTeX 2.9\tex\generic\oberdiek\gettitlestring.sty"
Package: gettitlestring 2016/05/16 v1.5 Cleanup title references (HO)
)
\c@section@level=\count163
)
LaTeX Info: Redefining \ref on input line 90.
LaTeX Info: Redefining \pageref on input line 90.
LaTeX Info: Redefining \nameref on input line 90.

(Template.out) (Template.out)
\@outlinefile=\write5
\openout5 = `Template.out'.

\c@lstlisting=\count164

<images/BEG_Logo.jpg, id=75, 431.6125pt x 200.75pt>
File: images/BEG_Logo.jpg Graphic file (type jpg)
 <use images/BEG_Logo.jpg>
Package pdftex.def Info: images/BEG_Logo.jpg used on input line 109.
(pdftex.def)             Requested size: 215.80571pt x 100.37474pt.

<images/TU_Chemnitz_positiv_gruen.pdf, id=76, 202.89903pt x 132.57831pt>
File: images/TU_Chemnitz_positiv_gruen.pdf Graphic file (type pdf)

<use images/TU_Chemnitz_positiv_gruen.pdf>
Package pdftex.def Info: images/TU_Chemnitz_positiv_gruen.pdf used on input lin
e 111.
(pdftex.def)             Requested size: 162.31943pt x 106.06277pt.
LaTeX Font Info:    Try loading font information for OML+lmm on input line 137.


("C:\Program Files\MiKTeX 2.9\tex\latex\lm\omllmm.fd"
File: omllmm.fd 2009/10/30 v1.6 Font defs for Latin Modern
)
LaTeX Font Info:    Try loading font information for OMS+lmsy on input line 137
.

("C:\Program Files\MiKTeX 2.9\tex\latex\lm\omslmsy.fd"
File: omslmsy.fd 2009/10/30 v1.6 Font defs for Latin Modern
)
LaTeX Font Info:    Try loading font information for OMX+lmex on input line 137
.

("C:\Program Files\MiKTeX 2.9\tex\latex\lm\omxlmex.fd"
File: omxlmex.fd 2009/10/30 v1.6 Font defs for Latin Modern
)
LaTeX Font Info:    External font `lmex10' loaded for size
(Font)              <17.28> on input line 137.
LaTeX Font Info:    External font `lmex10' loaded for size
(Font)              <12> on input line 137.
LaTeX Font Info:    External font `lmex10' loaded for size
(Font)              <10> on input line 137.
 [1



{C:/Users/Rahul Mahajan/AppData/Local/MiKTeX/2.9/pdftex/config/pdftex.map} <./i
mages/BEG_Logo.jpg> <./images/TU_Chemnitz_positiv_gruen.pdf>]pdfTeX warning (ex
t4): destination with the same identifier (name{page.1}) has been already used,
 duplicate ignored
<to be read again> 
                   \relax 
l.163 \addchap*{Acknowledgement}
                                 [1

]
LaTeX Font Info:    Try loading font information for OT1+lmss on input line 163
.

("C:\Program Files\MiKTeX 2.9\tex\latex\lm\ot1lmss.fd"
File: ot1lmss.fd 2009/10/30 v1.6 Font defs for Latin Modern
)
(src/Acknowledgement.tex) [2

] (src/00chapter.tex) [3


] (Template.toc
LaTeX Font Info:    External font `lmex10' loaded for size
(Font)              <8> on input line 1.
LaTeX Font Info:    External font `lmex10' loaded for size
(Font)              <6> on input line 1.
 [4


])
\tf@toc=\write6
\openout6 = `Template.toc'.


[5]
chapter 1.

Class scrbook Warning: \float@addtolists detected!
(scrbook)              Implementation of \float@addtolist became
(scrbook)              deprecated in KOMA-Script v3.01 2008/11/14 and
(scrbook)              has been replaced by several more flexible
(scrbook)              features of package `tocbasic`.
(scrbook)              Since Version 3.12 support for deprecated
(scrbook)              \float@addtolist interface has been
(scrbook)              restricted to only some of the KOMA-Script
(scrbook)              features and been removed from others.
(scrbook)              Loading of package `scrhack' may help to
(scrbook)              avoid this warning, if you are using a
(scrbook)              a package that still implements the
(scrbook)              deprecated \float@addtolist interface .

(src/01chapter.tex

LaTeX Warning: Reference `fig:ecu' on page 6 undefined on input line 15.

LaTeX Font Info:    Try loading font information for TS1+lmr on input line 15.
("C:\Program Files\MiKTeX 2.9\tex\latex\lm\ts1lmr.fd"
File: ts1lmr.fd 2009/10/30 v1.6 Font defs for Latin Modern
)
<./images/ecus_in_car.png, id=134, 539.76656pt x 302.63063pt>
File: ./images/ecus_in_car.png Graphic file (type png)

<use ./images/ecus_in_car.png>
Package pdftex.def Info: ./images/ecus_in_car.png used on input line 18.
(pdftex.def)             Requested size: 341.4384pt x 227.6235pt.
 [6



]

LaTeX Warning: Reference `fig:num_ecu' on page 7 undefined on input line 26.

[7pdfTeX warning (ext4): destination with the same identifier (name{figure.1.1}
) has been already used, duplicate ignored

\AtBegShi@Output ...ipout \box \AtBeginShipoutBox 
                                                  \fi \fi 
l.27 
      <./images/ecus_in_car.png>]
<./images/ecu_per_year.png, id=146, 557.08125pt x 331.99031pt>
File: ./images/ecu_per_year.png Graphic file (type png)

<use ./images/ecu_per_year.png>
Package pdftex.def Info: ./images/ecu_per_year.png used on input line 31.
(pdftex.def)             Requested size: 341.44264pt x 227.62474pt.


LaTeX Warning: Reference `fig:v-model' on page 8 undefined on input line 42.

[8pdfTeX warning (ext4): destination with the same identifier (name{figure.1.2}
) has been already used, duplicate ignored

\AtBegShi@Output ...ipout \box \AtBeginShipoutBox 
                                                  \fi \fi 
l.43 
      <./images/ecu_per_year.png>]
<./images/V-Model.png, id=155, 963.6pt x 542.025pt>
File: ./images/V-Model.png Graphic file (type png)
 <use ./images/V-Model.png>
Package pdftex.def Info: ./images/V-Model.png used on input line 45.
(pdftex.def)             Requested size: 398.328pt x 398.35463pt.

[9pdfTeX warning (ext4): destination with the same identifier (name{figure.1.3}
) has been already used, duplicate ignored

\AtBegShi@Output ...ipout \box \AtBeginShipoutBox 
                                                  \fi \fi 
l.53 
      <./images/V-Model.png>]
<./images/seq_dev.png, id=163, 378.66469pt x 193.47281pt>
File: ./images/seq_dev.png Graphic file (type png)

<use ./images/seq_dev.png>
Package pdftex.def Info: ./images/seq_dev.png used on input line 60.
(pdftex.def)             Requested size: 341.43642pt x 199.17294pt.


LaTeX Warning: Reference `fig:seqn_dev' on page 10 undefined on input line 66.

[10pdfTeX warning (ext4): destination with the same identifier (name{figure.1.4
}) has been already used, duplicate ignored

\AtBegShi@Output ...ipout \box \AtBeginShipoutBox 
                                                  \fi \fi 
l.67 
      <./images/seq_dev.png>]

LaTeX Warning: Reference `fig:seqn_dev' on page 11 undefined on input line 68.


LaTeX Warning: Reference `fig:par_dev' on page 11 undefined on input line 68.

<./images/par_dev.png, id=171, 395.97937pt x 307.1475pt>
File: ./images/par_dev.png Graphic file (type png)

<use ./images/par_dev.png>
Package pdftex.def Info: ./images/par_dev.png used on input line 71.
(pdftex.def)             Requested size: 341.4359pt x 284.54753pt.
 [11pdfTeX warning (ext4): destination with the same identifier (name{figure.1.
5}) has been already used, duplicate ignored

\AtBegShi@Output ...ipout \box \AtBeginShipoutBox 
                                                  \fi \fi 
l.81 
      <./images/par_dev.png>]

LaTeX Warning: Reference `fig:arm_dig1' on page 12 undefined on input line 82.

<./images/arm_dig1.png, id=177, 538.26094pt x 239.39438pt>
File: ./images/arm_dig1.png Graphic file (type png)

<use ./images/arm_dig1.png>
Package pdftex.def Info: ./images/arm_dig1.png used on input line 85.
(pdftex.def)             Requested size: 398.3397pt x 284.54677pt.


LaTeX Warning: Reference `fig:arm_dig1' on page 12 undefined on input line 91.

[12pdfTeX warning (ext4): destination with the same identifier (name{figure.1.6
}) has been already used, duplicate ignored

\AtBegShi@Output ...ipout \box \AtBeginShipoutBox 
                                                  \fi \fi 
l.92 
      <./images/arm_dig1.png>]

LaTeX Warning: Reference `fig:arm_dig1' on page 13 undefined on input line 93.

) [13]
chapter 2.
(src/02chapter.tex [14


]

LaTeX Warning: Reference `fig:paper1' on page 15 undefined on input line 22.

[15] <./images/ieee1.png, id=202, 344.78813pt x 226.59656pt>
File: ./images/ieee1.png Graphic file (type png)

<use ./images/ieee1.png>
Package pdftex.def Info: ./images/ieee1.png used on input line 25.
(pdftex.def)             Requested size: 341.43599pt x 227.6229pt.
 [16pdfTeX warning (ext4): destination with the same identifier (name{figure.2.
1}) has been already used, duplicate ignored

\AtBegShi@Output ...ipout \box \AtBeginShipoutBox 
                                                  \fi \fi 
l.34 
      <./images/ieee1.png>]
<./images/ieee2.png, id=209, 420.82219pt x 253.69781pt>
File: ./images/ieee2.png Graphic file (type png)

<use ./images/ieee2.png>
Package pdftex.def Info: ./images/ieee2.png used on input line 41.
(pdftex.def)             Requested size: 341.4356pt x 227.62912pt.


LaTeX Warning: `!h' float specifier changed to `!ht'.

[17] [18pdfTeX warning (ext4): destination with the same identifier (name{figur
e.2.2}) has been already used, duplicate ignored

\AtBegShi@Output ...ipout \box \AtBeginShipoutBox 
                                                  \fi \fi 
l.59 
      <./images/ieee2.png>] [19]) [20]
chapter 3.
(src/03chapter.tex

LaTeX Warning: Reference `fig:pmu' on page 21 undefined on input line 9.

<./images/pmu.png, id=234, 498.36188pt x 313.17pt>
File: ./images/pmu.png Graphic file (type png)
 <use ./images/pmu.png>
Package pdftex.def Info: ./images/pmu.png used on input line 12.
(pdftex.def)             Requested size: 398.34784pt x 284.53595pt.


LaTeX Warning: `!h' float specifier changed to `!ht'.

[21


] [22pdfTeX warning (ext4): destination with the same identifier (name{figure.3
.1}) has been already used, duplicate ignored

\AtBegShi@Output ...ipout \box \AtBeginShipoutBox 
                                                  \fi \fi 
l.25 
      <./images/pmu.png>]
LaTeX Font Info:    Try loading font information for OT1+lmtt on input line 31.

 ("C:\Program Files\MiKTeX 2.9\tex\latex\lm\ot1lmtt.fd"
File: ot1lmtt.fd 2009/10/30 v1.6 Font defs for Latin Modern
)
LaTeX Font Info:    Try loading font information for TS1+lmtt on input line 32.

 ("C:\Program Files\MiKTeX 2.9\tex\latex\lm\ts1lmtt.fd"
File: ts1lmtt.fd 2009/10/30 v1.6 Font defs for Latin Modern
) [23]
<./images/papi.png, id=267, 414.79968pt x 298.86656pt>
File: ./images/papi.png Graphic file (type png)
 <use ./images/papi.png>
Package pdftex.def Info: ./images/papi.png used on input line 52.
(pdftex.def)             Requested size: 341.44179pt x 227.62433pt.


LaTeX Warning: Reference `fig:papi' on page 24 undefined on input line 58.

[24pdfTeX warning (ext4): destination with the same identifier (name{figure.3.2
}) has been already used, duplicate ignored

\AtBegShi@Output ...ipout \box \AtBeginShipoutBox 
                                                  \fi \fi 
l.61 
      <./images/papi.png>] [25]

LaTeX Warning: Reference `streamline' on page 26 undefined on input line 96.

<./images/streamline.png, id=304, 538.26094pt x 485.56406pt>
File: ./images/streamline.png Graphic file (type png)

<use ./images/streamline.png>
Package pdftex.def Info: ./images/streamline.png used on input line 99.
(pdftex.def)             Requested size: 455.2489pt x 341.42621pt.

Overfull \hbox (28.4575pt too wide) in paragraph at lines 99--101
 [][] 
 []


Underfull \hbox (badness 1902) in paragraph at lines 101--101
[][][]\OT1/lmr/m/n/12 Timeline of ba-sic-math ap-pli-ca-tion us-ing Stream-line
 Per-for-mance
 []


LaTeX Warning: `!h' float specifier changed to `!ht'.

[26] [27pdfTeX warning (ext4): destination with the same identifier (name{figur
e.3.3}) has been already used, duplicate ignored

\AtBegShi@Output ...ipout \box \AtBeginShipoutBox 
                                                  \fi \fi 
l.113 \par  B
             ut there are limitations to this traditional approach. They are...
 <./images/streamline.png>]

LaTeX Warning: Reference `fig:llvm' on page 28 undefined on input line 115.

<./images/llvm.png, id=317, 420.82219pt x 152.06813pt>
File: ./images/llvm.png Graphic file (type png)
 <use ./images/llvm.png>
Package pdftex.def Info: ./images/llvm.png used on input line 118.
(pdftex.def)             Requested size: 341.4356pt x 170.72119pt.

[28pdfTeX warning (ext4): destination with the same identifier (name{figure.3.4
}) has been already used, duplicate ignored

\AtBegShi@Output ...ipout \box \AtBeginShipoutBox 
                                                  \fi \fi 
l.138 recurse:
               <./images/llvm.png>] [29]
Overfull \hbox (0.21767pt too wide) in paragraph at lines 170--171
[]\OT1/lmr/m/n/12 This re-la-tion-ship be-tween in-put and out-put is learned u
s-ing Ma-chine Learn-
 []

[30]) [31]
chapter 4.
(src/04chapter.tex [32


] [33] [34] [35]) [36]
chapter 5.
(src/05chapter.tex [37


] [38]) [39]
chapter 6.
(src/06chapter.tex

LaTeX Warning: Reference `fig:training' on page 40 undefined on input line 9.

<./images/training.png, id=414, 703.87968pt x 211.54031pt>
File: ./images/training.png Graphic file (type png)

<use ./images/training.png>
Package pdftex.def Info: ./images/training.png used on input line 12.
(pdftex.def)             Requested size: 398.33717pt x 142.26707pt.
 [40


pdfTeX warning (ext4): destination with the same identifier (name{figure.6.1}) 
has been already used, duplicate ignored

\AtBegShi@Output ...ipout \box \AtBeginShipoutBox 
                                                  \fi \fi 
l.20 
      <./images/training.png>]

LaTeX Warning: Reference `fig:a53' on page 41 undefined on input line 21.

<./images/A53.png, id=422, 1061.9675pt x 1138.2525pt>
File: ./images/A53.png Graphic file (type png)
 <use ./images/A53.png>
Package pdftex.def Info: ./images/A53.png used on input line 24.
(pdftex.def)             Requested size: 227.62178pt x 341.42628pt.

[41pdfTeX warning (ext4): destination with the same identifier (name{figure.6.2
}) has been already used, duplicate ignored

\AtBegShi@Output ...ipout \box \AtBeginShipoutBox 
                                                  \fi \fi 
l.31 
      <./images/A53.png>] [42] [43] [44] [45] [46] [47] [48] [49]
Overfull \hbox (3.51813pt too wide) in paragraph at lines 284--285
[]\OT1/lmr/m/n/12 To cap-ture the per-for-mance on hard-ware plat-form, cap-tur
e but-ton is pressed
 []


Overfull \hbox (15.02689pt too wide) in paragraph at lines 295--296
[]|\OT1/lmr/bx/n/12 Streamline| 
 []


Overfull \hbox (3.0343pt too wide) in paragraph at lines 305--306
[]|\OT1/lmr/m/n/12 Relatively
 []


LaTeX Warning: Reference `fig:tool_results' on page 50 undefined on input line 
311.

<./images/tool_result.png, id=624, 911.0838pt x 484.6908pt>
File: ./images/tool_result.png Graphic file (type png)

<use ./images/tool_result.png>
Package pdftex.def Info: ./images/tool_result.png used on input line 315.
(pdftex.def)             Requested size: 398.33405pt x 398.33652pt.


LaTeX Warning: `!h' float specifier changed to `!ht'.

[50] [51pdfTeX warning (ext4): destination with the same identifier (name{figur
e.6.3}) has been already used, duplicate ignored

\AtBegShi@Output ...ipout \box \AtBeginShipoutBox 
                                                  \fi \fi 
l.326 
       <./images/tool_result.png>]

LaTeX Warning: Reference `fig:grp_4' on page 52 undefined on input line 331.

<./images/grp_4.png, id=637, 1445.4pt x 995.1579pt>
File: ./images/grp_4.png Graphic file (type png)
 <use ./images/grp_4.png>
Package pdftex.def Info: ./images/grp_4.png used on input line 334.
(pdftex.def)             Requested size: 398.33534pt x 398.34462pt.


LaTeX Warning: `!h' float specifier changed to `!ht'.


LaTeX Warning: Reference `fig:grp_4_perc_change' on page 52 undefined on input 
line 340.


LaTeX Warning: Reference `fig:grp_4_perc_change' on page 52 undefined on input 
line 340.

[52] <./images/grp_4_perc_change.png, id=644, 1505.625pt x 1036.62282pt>
File: ./images/grp_4_perc_change.png Graphic file (type png)

<use ./images/grp_4_perc_change.png>
Package pdftex.def Info: ./images/grp_4_perc_change.png used on input line 343.

(pdftex.def)             Requested size: 398.34546pt x 398.33388pt.


LaTeX Warning: `!h' float specifier changed to `!ht'.

[53pdfTeX warning (ext4): destination with the same identifier (name{figure.6.4
}) has been already used, duplicate ignored

\AtBegShi@Output ...ipout \box \AtBeginShipoutBox 
                                                  \fi \fi 
l.351 
       <./images/grp_4.png>]
Overfull \hbox (324.98438pt too wide) in paragraph at lines 352--373
[][] 
 []

[54pdfTeX warning (ext4): destination with the same identifier (name{figure.6.5
}) has been already used, duplicate ignored

\AtBegShi@Output ...ipout \box \AtBeginShipoutBox 
                                                  \fi \fi 
l.375 \par A
            fter running these combination of counters mentioned in above ta...
 <./images/grp_4_perc_change.png>] [55] [56]

LaTeX Warning: Reference `fig:phase' on page 57 undefined on input line 406.


LaTeX Warning: Reference `fig:phase' on page 57 undefined on input line 406.

<./images/phase.png, id=680, 764.6166pt x 425.4294pt>
File: ./images/phase.png Graphic file (type png)
 <use ./images/phase.png>
Package pdftex.def Info: ./images/phase.png used on input line 409.
(pdftex.def)             Requested size: 369.89355pt x 284.53636pt.


LaTeX Warning: Reference `fig:flow' on page 57 undefined on input line 415.

[57pdfTeX warning (ext4): destination with the same identifier (name{figure.6.6
}) has been already used, duplicate ignored

\AtBegShi@Output ...ipout \box \AtBeginShipoutBox 
                                                  \fi \fi 
l.416 
       <./images/phase.png>]
<./images/flow.png, id=688, 395.5578pt x 437.4744pt>
File: ./images/flow.png Graphic file (type png)
 <use ./images/flow.png>
Package pdftex.def Info: ./images/flow.png used on input line 418.
(pdftex.def)             Requested size: 284.54185pt x 369.88576pt.

[58pdfTeX warning (ext4): destination with the same identifier (name{figure.6.7
}) has been already used, duplicate ignored

\AtBegShi@Output ...ipout \box \AtBeginShipoutBox 
                                                  \fi \fi 
l.432 
       <./images/flow.png>] [59] [60] [61] [62] [63]
<./images/single_core_pca.png, id=754, 480.29437pt x 322.95656pt>
File: ./images/single_core_pca.png Graphic file (type png)

<use ./images/single_core_pca.png>
Package pdftex.def Info: ./images/single_core_pca.png used on input line 567.
(pdftex.def)             Requested size: 341.43645pt x 227.62033pt.


LaTeX Warning: `!h' float specifier changed to `!ht'.

<./images/dual_no_pca.png, id=755, 481.8pt x 323.70938pt>
File: ./images/dual_no_pca.png Graphic file (type png)

<use ./images/dual_no_pca.png>
Package pdftex.def Info: ./images/dual_no_pca.png used on input line 574.
(pdftex.def)             Requested size: 341.4408pt x 227.6224pt.


LaTeX Warning: `!h' float specifier changed to `!ht'.

<./images/dual_full_pca.png, id=756, 481.04718pt x 323.70938pt>
File: ./images/dual_full_pca.png Graphic file (type png)

<use ./images/dual_full_pca.png>
Package pdftex.def Info: ./images/dual_full_pca.png used on input line 581.
(pdftex.def)             Requested size: 341.44313pt x 284.54407pt.


LaTeX Warning: `!h' float specifier changed to `!ht'.

[64] [65pdfTeX warning (ext4): destination with the same identifier (name{figur
e.6.8}) has been already used, duplicate ignored

\AtBegShi@Output ...ipout \box \AtBeginShipoutBox 
                                                  \fi \fi 
l.592 
      pdfTeX warning (ext4): destination with the same identifier (name{figure.
6.9}) has been already used, duplicate ignored

\AtBegShi@Output ...ipout \box \AtBeginShipoutBox 
                                                  \fi \fi 
l.592 
       <./images/single_core_pca.png> <./images/dual_no_pca.png>]
<./images/CC_single.png, id=770, 523.9575pt x 382.42876pt>
File: ./images/CC_single.png Graphic file (type png)

<use ./images/CC_single.png>
Package pdftex.def Info: ./images/CC_single.png used on input line 598.
(pdftex.def)             Requested size: 341.43979pt x 227.62086pt.


LaTeX Warning: `!h' float specifier changed to `!ht'.

<./images/CC_no_load.png, id=771, 478.78876pt x 374.90062pt>
File: ./images/CC_no_load.png Graphic file (type png)

<use ./images/CC_no_load.png>
Package pdftex.def Info: ./images/CC_no_load.png used on input line 605.
(pdftex.def)             Requested size: 341.43275pt x 227.62503pt.


LaTeX Warning: `!h' float specifier changed to `!ht'.

<./images/CC_full_load.png, id=772, 481.04718pt x 362.85562pt>
File: ./images/CC_full_load.png Graphic file (type png)

<use ./images/CC_full_load.png>
Package pdftex.def Info: ./images/CC_full_load.png used on input line 612.
(pdftex.def)             Requested size: 341.44313pt x 227.62578pt.


LaTeX Warning: `!h' float specifier changed to `!ht'.

<./images/heatmap_full_load.png, id=773, 523.9575pt x 394.47375pt>
File: ./images/heatmap_full_load.png Graphic file (type png)

<use ./images/heatmap_full_load.png>
Package pdftex.def Info: ./images/heatmap_full_load.png used on input line 619.

(pdftex.def)             Requested size: 341.43979pt x 227.62119pt.


LaTeX Warning: `!h' float specifier changed to `!ht'.

[66pdfTeX warning (ext4): destination with the same identifier (name{figure.6.1
0}) has been already used, duplicate ignored

\AtBegShi@Output ...ipout \box \AtBeginShipoutBox 
                                                  \fi \fi 
l.627 
       <./images/dual_full_pca.png>] [67pdfTeX warning (ext4): destination with
 the same identifier (name{figure.6.11}) has been already used, duplicate ignor
ed

\AtBegShi@Output ...ipout \box \AtBeginShipoutBox 
                                                  \fi \fi 
l.628 \par U
            sing PCA, we reduced the data into 2 dimensions and able to rela...
pdfTeX warning (ext4): destination with the same identifier (name{figure.6.12})
 has been already used, duplicate ignored

\AtBegShi@Output ...ipout \box \AtBeginShipoutBox 
                                                  \fi \fi 
l.628 \par U
            sing PCA, we reduced the data into 2 dimensions and able to rela...
 <./images/CC_single.png> <./images/CC_no_load.png>] [68pdfTeX warning (ext4): 
destination with the same identifier (name{figure.6.13}) has been already used,
 duplicate ignored

\AtBegShi@Output ...ipout \box \AtBeginShipoutBox 
                                                  \fi \fi 
l.629 
      pdfTeX warning (ext4): destination with the same identifier (name{figure.
6.14}) has been already used, duplicate ignored

\AtBegShi@Output ...ipout \box \AtBeginShipoutBox 
                                                  \fi \fi 
l.629 
       <./images/CC_full_load.png> <./images/heatmap_full_load.png>]

LaTeX Warning: Reference `fig:prediction' on page 69 undefined on input line 63
2.

<./images/prediction.png, id=798, 563.85657pt x 181.42781pt>
File: ./images/prediction.png Graphic file (type png)

<use ./images/prediction.png>
Package pdftex.def Info: ./images/prediction.png used on input line 635.
(pdftex.def)             Requested size: 398.3449pt x 142.26611pt.
 [69pdfTeX warning (ext4): destination with the same identifier (name{figure.6.
15}) has been already used, duplicate ignored

\AtBegShi@Output ...ipout \box \AtBeginShipoutBox 
                                                  \fi \fi 
l.648 
       <./images/prediction.png>] [70] [71]) [72]
chapter 7.
(src/07chapter.tex [73


]
<./images/CV_single_core.png, id=832, 861.4584pt x 439.8834pt>
File: ./images/CV_single_core.png Graphic file (type png)

<use ./images/CV_single_core.png>
Package pdftex.def Info: ./images/CV_single_core.png used on input line 17.
(pdftex.def)             Requested size: 341.43565pt x 227.61977pt.

<./images/cv_no_load.png, id=833, 861.4584pt x 440.3652pt>
File: ./images/cv_no_load.png Graphic file (type png)

<use ./images/cv_no_load.png>
Package pdftex.def Info: ./images/cv_no_load.png used on input line 24.
(pdftex.def)             Requested size: 341.43565pt x 227.62045pt.


LaTeX Warning: `!h' float specifier changed to `!ht'.

File: ./images/CV_single_core.png Graphic file (type png)
<use ./images/CV_single_core.png>
Package pdftex.def Info: ./images/CV_single_core.png used on input line 31.
(pdftex.def)             Requested size: 341.43565pt x 227.61977pt.


LaTeX Warning: `!h' float specifier changed to `!ht'.

<./images/response.png, id=834, 861.4584pt x 439.8834pt>
File: ./images/response.png Graphic file (type png)

<use ./images/response.png>
Package pdftex.def Info: ./images/response.png used on input line 42.
(pdftex.def)             Requested size: 284.5319pt x 170.71483pt.
 [74pdfTeX warning (ext4): destination with the same identifier (name{figure.7.
1}) has been already used, duplicate ignored

\AtBegShi@Output ...ipout \box \AtBeginShipoutBox 
                                                  \fi \fi 
l.47 
      <./images/CV_single_core.png>] [75pdfTeX warning (ext4): destination with
 the same identifier (name{figure.7.2}) has been already used, duplicate ignore
d

\AtBegShi@Output ...ipout \box \AtBeginShipoutBox 
                                                  \fi \fi 
l.47 
     pdfTeX warning (ext4): destination with the same identifier (name{figure.7
.3}) has been already used, duplicate ignored

\AtBegShi@Output ...ipout \box \AtBeginShipoutBox 
                                                  \fi \fi 
l.47 
      <./images/cv_no_load.png>]

LaTeX Warning: Reference `fig:r_single' on page 76 undefined on input line 54.

<./images/result_single.png, id=849, 861.4584pt x 439.8834pt>
File: ./images/result_single.png Graphic file (type png)

<use ./images/result_single.png>
Package pdftex.def Info: ./images/result_single.png used on input line 57.
(pdftex.def)             Requested size: 341.43565pt x 227.61977pt.


LaTeX Warning: `!h' float specifier changed to `!ht'.


LaTeX Warning: Reference `fig:r_dual_no' on page 76 undefined on input line 64.


[76pdfTeX warning (ext4): destination with the same identifier (name{figure.7.4
}) has been already used, duplicate ignored

\AtBegShi@Output ...ipout \box \AtBeginShipoutBox 
                                                  \fi \fi 
l.65 
      <./images/response.png>]
<./images/result_noload.png, id=858, 861.4584pt x 439.8834pt>
File: ./images/result_noload.png Graphic file (type png)

<use ./images/result_noload.png>
Package pdftex.def Info: ./images/result_noload.png used on input line 67.
(pdftex.def)             Requested size: 341.43565pt x 227.61977pt.


LaTeX Warning: Reference `fig:r_dual_full' on page 77 undefined on input line 7
4.

[77pdfTeX warning (ext4): destination with the same identifier (name{figure.7.5
}) has been already used, duplicate ignored

\AtBegShi@Output ...ipout \box \AtBeginShipoutBox 
                                                  \fi \fi 
l.75 
     pdfTeX warning (ext4): destination with the same identifier (name{figure.7
.6}) has been already used, duplicate ignored

\AtBegShi@Output ...ipout \box \AtBeginShipoutBox 
                                                  \fi \fi 
l.75 
      <./images/result_single.png> <./images/result_noload.png>]
<./images/result_fullload.png, id=868, 861.4584pt x 439.8834pt>
File: ./images/result_fullload.png Graphic file (type png)

<use ./images/result_fullload.png>
Package pdftex.def Info: ./images/result_fullload.png used on input line 77.
(pdftex.def)             Requested size: 341.43565pt x 227.61977pt.


LaTeX Warning: Reference `fig:td_single' on page 78 undefined on input line 87.


<./images/td_single.png, id=869, 861.4584pt x 439.8834pt>
File: ./images/td_single.png Graphic file (type png)

<use ./images/td_single.png>
Package pdftex.def Info: ./images/td_single.png used on input line 90.
(pdftex.def)             Requested size: 341.43565pt x 227.61977pt.


LaTeX Warning: `!h' float specifier changed to `!ht'.


LaTeX Warning: Reference `fig:td_noload' on page 78 undefined on input line 97.


[78pdfTeX warning (ext4): destination with the same identifier (name{figure.7.7
}) has been already used, duplicate ignored

\AtBegShi@Output ...ipout \box \AtBeginShipoutBox 
                                                  \fi \fi 
l.98 
      <./images/result_fullload.png>]
<./images/td_noload.png, id=880, 861.4584pt x 439.8834pt>
File: ./images/td_noload.png Graphic file (type png)

<use ./images/td_noload.png>
Package pdftex.def Info: ./images/td_noload.png used on input line 101.
(pdftex.def)             Requested size: 341.43565pt x 227.61977pt.


LaTeX Warning: `!h' float specifier changed to `!ht'.


LaTeX Warning: Reference `fig:td_fullload' on page 79 undefined on input line 1
08.

<./images/td_fullload.png, id=881, 861.4584pt x 439.8834pt>
File: ./images/td_fullload.png Graphic file (type png)

<use ./images/td_fullload.png>
Package pdftex.def Info: ./images/td_fullload.png used on input line 111.
(pdftex.def)             Requested size: 341.43565pt x 227.61977pt.


LaTeX Warning: `!h' float specifier changed to `!ht'.

) [79pdfTeX warning (ext4): destination with the same identifier (name{figure.7
.8}) has been already used, duplicate ignored

\AtBegShi@Output ...ipout \box \AtBeginShipoutBox 
                                                  \fi \fi 
l.226 \chapter
              {Future Work} <./images/td_single.png>] [80pdfTeX warning (ext4):
 destination with the same identifier (name{figure.7.9}) has been already used,
 duplicate ignored

\AtBegShi@Output ...ipout \box \AtBeginShipoutBox 
                                                  \fi \fi 
l.226 \chapter
              {Future Work}pdfTeX warning (ext4): destination with the same ide
ntifier (name{figure.7.10}) has been already used, duplicate ignored

\AtBegShi@Output ...ipout \box \AtBeginShipoutBox 
                                                  \fi \fi 
l.226 \chapter
              {Future Work} <./images/td_noload.png> <./images/td_fullload.png>
]
chapter 8.
(src/08chapter.tex) [81


]
chapter 9.
(src/08chapter.tex) (Template.bbl [82


] [83]

LaTeX Warning: Empty `thebibliography' environment on input line 5.

)
No file Template.ind.
[84


]
chapter without number

Overfull \hbox (9.93604pt too wide) in paragraph at lines 300--301
[]\OT1/lmr/m/n/12 Integrated De-vel-op-ment En-vi-ron-ment[] 
 []


Overfull \hbox (3.85878pt too wide) in paragraph at lines 303--304
[]\OT1/lmr/m/n/12 International Or-ga-ni-za-tion For Stan-
 []

[85



] [86

] (Template.lof)
\tf@lof=\write7
\openout7 = `Template.lof'.

 [87



] (Template.lot)
\tf@lot=\write8
\openout8 = `Template.lot'.

 [88


]
chapter A.
(src/10appendixB.tex) [89


]
chapter B.
(src/11appendixC.tex)
Package atveryend Info: Empty hook `BeforeClearDocument' on input line 353.
 [90


]
Package atveryend Info: Empty hook `AfterLastShipout' on input line 353.
 (Template.aux)
Package atveryend Info: Executing hook `AtVeryEndDocument' on input line 353.
Package atveryend Info: Executing hook `AtEndAfterFileList' on input line 353.
Package rerunfilecheck Info: File `Template.out' has not changed.
(rerunfilecheck)             Checksum: 63025AB067F77B4442ED952CF5E6B92D;972.


LaTeX Warning: There were undefined references.

Package atveryend Info: Empty hook `AtVeryVeryEnd' on input line 353.
 ) 
Here is how much of TeX's memory you used:
 12924 strings out of 493333
 203657 string characters out of 3139168
 530998 words of memory out of 3000000
 15652 multiletter control sequences out of 15000+200000
 55775 words of font info for 45 fonts, out of 3000000 for 9000
 1141 hyphenation exceptions out of 8191
 48i,9n,69p,8821b,1700s stack positions out of 5000i,500n,10000p,200000b,50000s
pdfTeX warning (dest): name{Appendix.1.C} has been referenced but does not ex
ist, replaced by a fixed one

pdfTeX warning (dest): name{chapter*.7} has been referenced but does not exist,
 replaced by a fixed one

pdfTeX warning (dest): name{chapter*.6} has been referenced but does not exist,
 replaced by a fixed one

pdfTeX warning (dest): name{chapter*.5} has been referenced but does not exist,
 replaced by a fixed one

pdfTeX warning (dest): name{chapter*.4} has been referenced but does not exist,
 replaced by a fixed one

{C:/Program Files/MiKTeX 2.9/fonts/enc/dvips/lm/lm-mathsy.enc}{C:/Program Files
/MiKTeX 2.9/fonts/enc/dvips/lm/lm-mathit.enc}{C:/Program Files/MiKTeX 2.9/fonts
/enc/dvips/lm/lm-rm.enc}{C:/Program Files/MiKTeX 2.9/fonts/enc/dvips/lm/lm-rmtt
.enc}{C:/Program Files/MiKTeX 2.9/fonts/enc/dvips/lm/lm-ts1.enc}<C:/Program Fil
es/MiKTeX 2.9/fonts/type1/public/lm/lmbx12.pfb><C:/Program Files/MiKTeX 2.9/fon
ts/type1/public/lm/lmmi12.pfb><C:/Program Files/MiKTeX 2.9/fonts/type1/public/l
m/lmmi6.pfb><C:/Program Files/MiKTeX 2.9/fonts/type1/public/lm/lmmi8.pfb><C:/Pr
ogram Files/MiKTeX 2.9/fonts/type1/public/lm/lmr12.pfb><C:/Program Files/MiKTeX
 2.9/fonts/type1/public/lm/lmr17.pfb><C:/Program Files/MiKTeX 2.9/fonts/type1/p
ublic/lm/lmr8.pfb><C:/Program Files/MiKTeX 2.9/fonts/type1/public/lm/lmri12.pfb
><C:/Program Files/MiKTeX 2.9/fonts/type1/public/lm/lmro12.pfb><C:/Program File
s/MiKTeX 2.9/fonts/type1/public/lm/lmssbx10.pfb><C:/Program Files/MiKTeX 2.9/fo
nts/type1/public/lm/lmsy10.pfb><C:/Program Files/MiKTeX 2.9/fonts/type1/public/
lm/lmsy8.pfb><C:/Program Files/MiKTeX 2.9/fonts/type1/public/lm/lmtt12.pfb>
Output written on "C:/Users/Rahul Mahajan/Desktop/Thesis-report/Report_Thesis/b
uild/Template.pdf" (91 pages, 2860795 bytes).
PDF statistics:
 1155 PDF objects out of 1200 (max. 8388607)
 533 named destinations out of 1000 (max. 500000)
 335 words of extra memory for PDF output out of 10000 (max. 10000000)

